メソッド通ったよ！
メソッド通ったよ！
メソッド通ったよ！
メソッド通ったよ！
メソッド通ったよ！
メソッド通ったよ！
メソッド通ったよ！
メソッド通ったよ！
メソッド通ったよ！
メソッド通ったよ！
メソッド通ったよ！
vcrupdate！
vcrupdate！
vcrupdate！
vcrupdate にはいった
vcrupdate！
vcrupdate にはいった
vcrupdate！
vcrupdate にはいった
vcrupdate！
vcrupdate にはいった
vcrupdate!0
vcrupdate にはいった
vcrupdate!0
vcrupdate にはいった
vcrupdate!0
vcrupdate にはいった
vcrupdate!132
vcrupdate にはいった
vcrupdate にはいった
vcrupdate にはいった
vcrupdate にはいった
vcrupdate にはいった
vcrupdate にはいった
vcrupdate にはいった
vcrupdate にはいった
Success1 = ！
Success1 = 2！
Success2 = 2！
